# JRE version: OpenJDK Runtime Environment Temurin-17.0.11+9 (17.0.11+9) (build 17.0.11+9)
# Java VM: OpenJDK 64-Bit Server VM Temurin-17.0.11+9 (17.0.11+9, mixed mode, tiered, compressed oops, compressed class ptrs, parallel gc, windows-amd64)
GC Precious Log:
 CPUs: 32 total, 32 available
 Memory: 32396M
 Large Page Support: Disabled
 NUMA Support: Disabled
 Compressed Oops: Enabled (32-bit)
 Alignments: Space 512K, Generation 512K, Heap 2M
 Heap Min Capacity: 100M
 Heap Initial Capacity: 100M
 Heap Max Capacity: 1G
 Pre-touch: Disabled
 Parallel Workers: 23
Heap:
 PSYoungGen      total 16896K, used 994K [0x00000000eab00000, 0x00000000ec180000, 0x0000000100000000)
  eden space 15872K, 1% used [0x00000000eab00000,0x00000000eab38a08,0x00000000eba80000)
  from space 1024K, 75% used [0x00000000eba80000,0x00000000ebb40020,0x00000000ebb80000)
  to   space 2560K, 0% used [0x00000000ebf00000,0x00000000ebf00000,0x00000000ec180000)
 ParOldGen       total 68608K, used 37304K [0x00000000c0000000, 0x00000000c4300000, 0x00000000eab00000)
  object space 68608K, 54% used [0x00000000c0000000,0x00000000c246e370,0x00000000c4300000)
 Metaspace       used 49172K, committed 49984K, reserved 1114112K
  class space    used 4899K, committed 5312K, reserved 1048576K
GC Heap History (20 events):
Event: 3.389 GC heap before
{Heap before GC invocations=18 (full 2):
 PSYoungGen      total 24576K, used 24069K [0x00000000eab00000, 0x00000000ec580000, 0x0000000100000000)
  eden space 22016K, 100% used [0x00000000eab00000,0x00000000ec080000,0x00000000ec080000)
  from space 2560K, 80% used [0x00000000ec100000,0x00000000ec301718,0x00000000ec380000)
  to   space 2048K, 0% used [0x00000000ec380000,0x00000000ec380000,0x00000000ec580000)
 ParOldGen       total 68608K, used 21076K [0x00000000c0000000, 0x00000000c4300000, 0x00000000eab00000)
  object space 68608K, 30% used [0x00000000c0000000,0x00000000c1495000,0x00000000c4300000)
 Metaspace       used 41666K, committed 42496K, reserved 1114112K
  class space    used 4238K, committed 4608K, reserved 1048576K
}
Event: 3.391 GC heap after
{Heap after GC invocations=18 (full 2):
 PSYoungGen      total 23040K, used 672K [0x00000000eab00000, 0x00000000ec480000, 0x0000000100000000)
  eden space 22016K, 0% used [0x00000000eab00000,0x00000000eab00000,0x00000000ec080000)
  from space 1024K, 65% used [0x00000000ec380000,0x00000000ec428000,0x00000000ec480000)
  to   space 1536K, 0% used [0x00000000ec180000,0x00000000ec180000,0x00000000ec300000)
 ParOldGen       total 68608K, used 22937K [0x00000000c0000000, 0x00000000c4300000, 0x00000000eab00000)
  object space 68608K, 33% used [0x00000000c0000000,0x00000000c1666738,0x00000000c4300000)
 Metaspace       used 41666K, committed 42496K, reserved 1114112K
  class space    used 4238K, committed 4608K, reserved 1048576K
}
Event: 3.464 GC heap before
{Heap before GC invocations=19 (full 2):
 PSYoungGen      total 23040K, used 22688K [0x00000000eab00000, 0x00000000ec480000, 0x0000000100000000)
  eden space 22016K, 100% used [0x00000000eab00000,0x00000000ec080000,0x00000000ec080000)
  from space 1024K, 65% used [0x00000000ec380000,0x00000000ec428000,0x00000000ec480000)
  to   space 1536K, 0% used [0x00000000ec180000,0x00000000ec180000,0x00000000ec300000)
 ParOldGen       total 68608K, used 22937K [0x00000000c0000000, 0x00000000c4300000, 0x00000000eab00000)
  object space 68608K, 33% used [0x00000000c0000000,0x00000000c1666738,0x00000000c4300000)
 Metaspace       used 42463K, committed 43264K, reserved 1114112K
  class space    used 4296K, committed 4608K, reserved 1048576K
}
Event: 3.465 GC heap after
{Heap after GC invocations=19 (full 2):
 PSYoungGen      total 23552K, used 1514K [0x00000000eab00000, 0x00000000ec580000, 0x0000000100000000)
  eden space 22016K, 0% used [0x00000000eab00000,0x00000000eab00000,0x00000000ec080000)
  from space 1536K, 98% used [0x00000000ec180000,0x00000000ec2faab0,0x00000000ec300000)
  to   space 2560K, 0% used [0x00000000ec300000,0x00000000ec300000,0x00000000ec580000)
 ParOldGen       total 68608K, used 23441K [0x00000000c0000000, 0x00000000c4300000, 0x00000000eab00000)
  object space 68608K, 34% used [0x00000000c0000000,0x00000000c16e4560,0x00000000c4300000)
 Metaspace       used 42463K, committed 43264K, reserved 1114112K
  class space    used 4296K, committed 4608K, reserved 1048576K
}
Event: 3.624 GC heap before
{Heap before GC invocations=20 (full 2):
 PSYoungGen      total 23552K, used 23530K [0x00000000eab00000, 0x00000000ec580000, 0x0000000100000000)
  eden space 22016K, 100% used [0x00000000eab00000,0x00000000ec080000,0x00000000ec080000)
  from space 1536K, 98% used [0x00000000ec180000,0x00000000ec2faab0,0x00000000ec300000)
  to   space 2560K, 0% used [0x00000000ec300000,0x00000000ec300000,0x00000000ec580000)
 ParOldGen       total 68608K, used 23441K [0x00000000c0000000, 0x00000000c4300000, 0x00000000eab00000)
  object space 68608K, 34% used [0x00000000c0000000,0x00000000c16e4560,0x00000000c4300000)
 Metaspace       used 43269K, committed 44096K, reserved 1114112K
  class space    used 4374K, committed 4736K, reserved 1048576K
}
Event: 3.624 GC heap after
{Heap after GC invocations=20 (full 2):
 PSYoungGen      total 22528K, used 288K [0x00000000eab00000, 0x00000000ec380000, 0x0000000100000000)
  eden space 22016K, 0% used [0x00000000eab00000,0x00000000eab00000,0x00000000ec080000)
  from space 512K, 56% used [0x00000000ec300000,0x00000000ec348000,0x00000000ec380000)
  to   space 1024K, 0% used [0x00000000ec180000,0x00000000ec180000,0x00000000ec280000)
 ParOldGen       total 68608K, used 23689K [0x00000000c0000000, 0x00000000c4300000, 0x00000000eab00000)
  object space 68608K, 34% used [0x00000000c0000000,0x00000000c1722560,0x00000000c4300000)
 Metaspace       used 43269K, committed 44096K, reserved 1114112K
  class space    used 4374K, committed 4736K, reserved 1048576K
}
Event: 4.272 GC heap before
{Heap before GC invocations=21 (full 2):
 PSYoungGen      total 22528K, used 22304K [0x00000000eab00000, 0x00000000ec380000, 0x0000000100000000)
  eden space 22016K, 100% used [0x00000000eab00000,0x00000000ec080000,0x00000000ec080000)
  from space 512K, 56% used [0x00000000ec300000,0x00000000ec348000,0x00000000ec380000)
  to   space 1024K, 0% used [0x00000000ec180000,0x00000000ec180000,0x00000000ec280000)
 ParOldGen       total 68608K, used 23689K [0x00000000c0000000, 0x00000000c4300000, 0x00000000eab00000)
  object space 68608K, 34% used [0x00000000c0000000,0x00000000c1722560,0x00000000c4300000)
 Metaspace       used 45596K, committed 46336K, reserved 1114112K
  class space    used 4586K, committed 4928K, reserved 1048576K
}
Event: 4.273 GC heap after
{Heap after GC invocations=21 (full 2):
 PSYoungGen      total 23040K, used 992K [0x00000000eab00000, 0x00000000ec480000, 0x0000000100000000)
  eden space 22016K, 0% used [0x00000000eab00000,0x00000000eab00000,0x00000000ec080000)
  from space 1024K, 96% used [0x00000000ec180000,0x00000000ec278040,0x00000000ec280000)
  to   space 2048K, 0% used [0x00000000ec280000,0x00000000ec280000,0x00000000ec480000)
 ParOldGen       total 68608K, used 24192K [0x00000000c0000000, 0x00000000c4300000, 0x00000000eab00000)
  object space 68608K, 35% used [0x00000000c0000000,0x00000000c17a0390,0x00000000c4300000)
 Metaspace       used 45596K, committed 46336K, reserved 1114112K
  class space    used 4586K, committed 4928K, reserved 1048576K
}
Event: 4.294 GC heap before
{Heap before GC invocations=22 (full 2):
 PSYoungGen      total 23040K, used 23008K [0x00000000eab00000, 0x00000000ec480000, 0x0000000100000000)
  eden space 22016K, 100% used [0x00000000eab00000,0x00000000ec080000,0x00000000ec080000)
  from space 1024K, 96% used [0x00000000ec180000,0x00000000ec278040,0x00000000ec280000)
  to   space 2048K, 0% used [0x00000000ec280000,0x00000000ec280000,0x00000000ec480000)
 ParOldGen       total 68608K, used 24192K [0x00000000c0000000, 0x00000000c4300000, 0x00000000eab00000)
  object space 68608K, 35% used [0x00000000c0000000,0x00000000c17a0390,0x00000000c4300000)
 Metaspace       used 45607K, committed 46400K, reserved 1114112K
  class space    used 4587K, committed 4928K, reserved 1048576K
}
Event: 4.296 GC heap after
{Heap after GC invocations=22 (full 2):
 PSYoungGen      total 22528K, used 2048K [0x00000000eab00000, 0x00000000ec780000, 0x0000000100000000)
  eden space 20480K, 0% used [0x00000000eab00000,0x00000000eab00000,0x00000000ebf00000)
  from space 2048K, 100% used [0x00000000ec280000,0x00000000ec480000,0x00000000ec480000)
  to   space 3584K, 0% used [0x00000000ebf00000,0x00000000ebf00000,0x00000000ec280000)
 ParOldGen       total 68608K, used 25331K [0x00000000c0000000, 0x00000000c4300000, 0x00000000eab00000)
  object space 68608K, 36% used [0x00000000c0000000,0x00000000c18bcd70,0x00000000c4300000)
 Metaspace       used 45607K, committed 46400K, reserved 1114112K
  class space    used 4587K, committed 4928K, reserved 1048576K
}
Event: 4.313 GC heap before
{Heap before GC invocations=23 (full 2):
 PSYoungGen      total 22528K, used 22528K [0x00000000eab00000, 0x00000000ec780000, 0x0000000100000000)
  eden space 20480K, 100% used [0x00000000eab00000,0x00000000ebf00000,0x00000000ebf00000)
  from space 2048K, 100% used [0x00000000ec280000,0x00000000ec480000,0x00000000ec480000)
  to   space 3584K, 0% used [0x00000000ebf00000,0x00000000ebf00000,0x00000000ec280000)
 ParOldGen       total 68608K, used 25331K [0x00000000c0000000, 0x00000000c4300000, 0x00000000eab00000)
  object space 68608K, 36% used [0x00000000c0000000,0x00000000c18bcd70,0x00000000c4300000)
 Metaspace       used 45608K, committed 46400K, reserved 1114112K
  class space    used 4587K, committed 4928K, reserved 1048576K
}
Event: 4.315 GC heap after
{Heap after GC invocations=23 (full 2):
 PSYoungGen      total 23552K, used 2624K [0x00000000eab00000, 0x00000000ec500000, 0x0000000100000000)
  eden space 20480K, 0% used [0x00000000eab00000,0x00000000eab00000,0x00000000ebf00000)
  from space 3072K, 85% used [0x00000000ebf00000,0x00000000ec190010,0x00000000ec200000)
  to   space 3072K, 0% used [0x00000000ec200000,0x00000000ec200000,0x00000000ec500000)
 ParOldGen       total 68608K, used 27083K [0x00000000c0000000, 0x00000000c4300000, 0x00000000eab00000)
  object space 68608K, 39% used [0x00000000c0000000,0x00000000c1a72d70,0x00000000c4300000)
 Metaspace       used 45608K, committed 46400K, reserved 1114112K
  class space    used 4587K, committed 4928K, reserved 1048576K
}
Event: 4.337 GC heap before
{Heap before GC invocations=24 (full 2):
 PSYoungGen      total 23552K, used 23104K [0x00000000eab00000, 0x00000000ec500000, 0x0000000100000000)
  eden space 20480K, 100% used [0x00000000eab00000,0x00000000ebf00000,0x00000000ebf00000)
  from space 3072K, 85% used [0x00000000ebf00000,0x00000000ec190010,0x00000000ec200000)
  to   space 3072K, 0% used [0x00000000ec200000,0x00000000ec200000,0x00000000ec500000)
 ParOldGen       total 68608K, used 27083K [0x00000000c0000000, 0x00000000c4300000, 0x00000000eab00000)
  object space 68608K, 39% used [0x00000000c0000000,0x00000000c1a72d70,0x00000000c4300000)
 Metaspace       used 45647K, committed 46400K, reserved 1114112K
  class space    used 4594K, committed 4928K, reserved 1048576K
}
Event: 4.339 GC heap after
{Heap after GC invocations=24 (full 2):
 PSYoungGen      total 22528K, used 1792K [0x00000000eab00000, 0x00000000ec400000, 0x0000000100000000)
  eden space 20480K, 0% used [0x00000000eab00000,0x00000000eab00000,0x00000000ebf00000)
  from space 2048K, 87% used [0x00000000ec200000,0x00000000ec3c0000,0x00000000ec400000)
  to   space 2560K, 0% used [0x00000000ebf00000,0x00000000ebf00000,0x00000000ec180000)
 ParOldGen       total 68608K, used 29179K [0x00000000c0000000, 0x00000000c4300000, 0x00000000eab00000)
  object space 68608K, 42% used [0x00000000c0000000,0x00000000c1c7ed80,0x00000000c4300000)
 Metaspace       used 45647K, committed 46400K, reserved 1114112K
  class space    used 4594K, committed 4928K, reserved 1048576K
}
Event: 4.389 GC heap before
{Heap before GC invocations=25 (full 2):
 PSYoungGen      total 22528K, used 22272K [0x00000000eab00000, 0x00000000ec400000, 0x0000000100000000)
  eden space 20480K, 100% used [0x00000000eab00000,0x00000000ebf00000,0x00000000ebf00000)
  from space 2048K, 87% used [0x00000000ec200000,0x00000000ec3c0000,0x00000000ec400000)
  to   space 2560K, 0% used [0x00000000ebf00000,0x00000000ebf00000,0x00000000ec180000)
 ParOldGen       total 68608K, used 29179K [0x00000000c0000000, 0x00000000c4300000, 0x00000000eab00000)
  object space 68608K, 42% used [0x00000000c0000000,0x00000000c1c7ed80,0x00000000c4300000)
 Metaspace       used 46060K, committed 46848K, reserved 1114112K
  class space    used 4644K, committed 4992K, reserved 1048576K
}
Event: 4.390 GC heap after
{Heap after GC invocations=25 (full 2):
 PSYoungGen      total 22528K, used 1664K [0x00000000eab00000, 0x00000000ec300000, 0x0000000100000000)
  eden space 20480K, 0% used [0x00000000eab00000,0x00000000eab00000,0x00000000ebf00000)
  from space 2048K, 81% used [0x00000000ebf00000,0x00000000ec0a0000,0x00000000ec100000)
  to   space 2048K, 0% used [0x00000000ec100000,0x00000000ec100000,0x00000000ec300000)
 ParOldGen       total 68608K, used 30741K [0x00000000c0000000, 0x00000000c4300000, 0x00000000eab00000)
  object space 68608K, 44% used [0x00000000c0000000,0x00000000c1e05680,0x00000000c4300000)
 Metaspace       used 46060K, committed 46848K, reserved 1114112K
  class space    used 4644K, committed 4992K, reserved 1048576K
}
Event: 4.664 GC heap before
{Heap before GC invocations=26 (full 2):
 PSYoungGen      total 22528K, used 22144K [0x00000000eab00000, 0x00000000ec300000, 0x0000000100000000)
  eden space 20480K, 100% used [0x00000000eab00000,0x00000000ebf00000,0x00000000ebf00000)
  from space 2048K, 81% used [0x00000000ebf00000,0x00000000ec0a0000,0x00000000ec100000)
  to   space 2048K, 0% used [0x00000000ec100000,0x00000000ec100000,0x00000000ec300000)
 ParOldGen       total 68608K, used 30741K [0x00000000c0000000, 0x00000000c4300000, 0x00000000eab00000)
  object space 68608K, 44% used [0x00000000c0000000,0x00000000c1e05680,0x00000000c4300000)
 Metaspace       used 47819K, committed 48640K, reserved 1114112K
  class space    used 4803K, committed 5184K, reserved 1048576K
}
Event: 4.666 GC heap after
{Heap after GC invocations=26 (full 2):
 PSYoungGen      total 17920K, used 2039K [0x00000000eab00000, 0x00000000ecc00000, 0x0000000100000000)
  eden space 15872K, 0% used [0x00000000eab00000,0x00000000eab00000,0x00000000eba80000)
  from space 2048K, 99% used [0x00000000ec100000,0x00000000ec2fdfd8,0x00000000ec300000)
  to   space 6656K, 0% used [0x00000000eba80000,0x00000000eba80000,0x00000000ec100000)
 ParOldGen       total 68608K, used 34405K [0x00000000c0000000, 0x00000000c4300000, 0x00000000eab00000)
  object space 68608K, 50% used [0x00000000c0000000,0x00000000c2199550,0x00000000c4300000)
 Metaspace       used 47819K, committed 48640K, reserved 1114112K
  class space    used 4803K, committed 5184K, reserved 1048576K
}
Event: 4.997 GC heap before
{Heap before GC invocations=27 (full 2):
 PSYoungGen      total 17920K, used 17910K [0x00000000eab00000, 0x00000000ecc00000, 0x0000000100000000)
  eden space 15872K, 99% used [0x00000000eab00000,0x00000000eba7f868,0x00000000eba80000)
  from space 2048K, 99% used [0x00000000ec100000,0x00000000ec2fdfd8,0x00000000ec300000)
  to   space 6656K, 0% used [0x00000000eba80000,0x00000000eba80000,0x00000000ec100000)
 ParOldGen       total 68608K, used 34405K [0x00000000c0000000, 0x00000000c4300000, 0x00000000eab00000)
  object space 68608K, 50% used [0x00000000c0000000,0x00000000c2199550,0x00000000c4300000)
 Metaspace       used 49139K, committed 49984K, reserved 1114112K
  class space    used 4896K, committed 5312K, reserved 1048576K
}
Event: 5.000 GC heap after
{Heap after GC invocations=27 (full 2):
 PSYoungGen      total 16896K, used 768K [0x00000000eab00000, 0x00000000ec180000, 0x0000000100000000)
  eden space 15872K, 0% used [0x00000000eab00000,0x00000000eab00000,0x00000000eba80000)
  from space 1024K, 75% used [0x00000000eba80000,0x00000000ebb40020,0x00000000ebb80000)
  to   space 2560K, 0% used [0x00000000ebf00000,0x00000000ebf00000,0x00000000ec180000)
 ParOldGen       total 68608K, used 37304K [0x00000000c0000000, 0x00000000c4300000, 0x00000000eab00000)
  object space 68608K, 54% used [0x00000000c0000000,0x00000000c246e370,0x00000000c4300000)
 Metaspace       used 49139K, committed 49984K, reserved 1114112K
  class space    used 4896K, committed 5312K, reserved 1048576K
}

