# JRE version: OpenJDK Runtime Environment Temurin-17.0.11+9 (17.0.11+9) (build 17.0.11+9)
# Java VM: OpenJDK 64-Bit Server VM Temurin-17.0.11+9 (17.0.11+9, mixed mode, tiered, compressed oops, compressed class ptrs, parallel gc, windows-amd64)
GC Precious Log:
 CPUs: 32 total, 32 available
 Memory: 32396M
 Large Page Support: Disabled
 NUMA Support: Disabled
 Compressed Oops: Enabled (32-bit)
 Alignments: Space 512K, Generation 512K, Heap 2M
 Heap Min Capacity: 100M
 Heap Initial Capacity: 100M
 Heap Max Capacity: 1G
 Pre-touch: Disabled
 Parallel Workers: 23
Heap:
 PSYoungGen      total 22016K, used 12746K [0x00000000eab00000, 0x00000000ec500000, 0x0000000100000000)
  eden space 17920K, 48% used [0x00000000eab00000,0x00000000eb376868,0x00000000ebc80000)
  from space 4096K, 99% used [0x00000000ebc80000,0x00000000ec07bfd0,0x00000000ec080000)
  to   space 3584K, 0% used [0x00000000ec080000,0x00000000ec080000,0x00000000ec400000)
 ParOldGen       total 120832K, used 91432K [0x00000000c0000000, 0x00000000c7600000, 0x00000000eab00000)
  object space 120832K, 75% used [0x00000000c0000000,0x00000000c594a158,0x00000000c7600000)
 Metaspace       used 68374K, committed 69568K, reserved 1114112K
  class space    used 7171K, committed 7744K, reserved 1048576K
GC Heap History (20 events):
Event: 5.659 GC heap after
{Heap after GC invocations=36 (full 4):
 PSYoungGen      total 26112K, used 4600K [0x00000000eab00000, 0x00000000ee100000, 0x0000000100000000)
  eden space 21504K, 0% used [0x00000000eab00000,0x00000000eab00000,0x00000000ec000000)
  from space 4608K, 99% used [0x00000000ec000000,0x00000000ec47e2a0,0x00000000ec480000)
  to   space 16896K, 0% used [0x00000000ed080000,0x00000000ed080000,0x00000000ee100000)
 ParOldGen       total 82432K, used 65932K [0x00000000c0000000, 0x00000000c5080000, 0x00000000eab00000)
  object space 82432K, 79% used [0x00000000c0000000,0x00000000c4063030,0x00000000c5080000)
 Metaspace       used 63441K, committed 64576K, reserved 1114112K
  class space    used 6771K, committed 7232K, reserved 1048576K
}
Event: 5.685 GC heap before
{Heap before GC invocations=37 (full 4):
 PSYoungGen      total 26112K, used 26104K [0x00000000eab00000, 0x00000000ee100000, 0x0000000100000000)
  eden space 21504K, 100% used [0x00000000eab00000,0x00000000ec000000,0x00000000ec000000)
  from space 4608K, 99% used [0x00000000ec000000,0x00000000ec47e2a0,0x00000000ec480000)
  to   space 16896K, 0% used [0x00000000ed080000,0x00000000ed080000,0x00000000ee100000)
 ParOldGen       total 82432K, used 65932K [0x00000000c0000000, 0x00000000c5080000, 0x00000000eab00000)
  object space 82432K, 79% used [0x00000000c0000000,0x00000000c4063030,0x00000000c5080000)
 Metaspace       used 63601K, committed 64704K, reserved 1114112K
  class space    used 6793K, committed 7232K, reserved 1048576K
}
Event: 5.691 GC heap after
{Heap after GC invocations=37 (full 4):
 PSYoungGen      total 38400K, used 15968K [0x00000000eab00000, 0x00000000ee100000, 0x0000000100000000)
  eden space 21504K, 0% used [0x00000000eab00000,0x00000000eab00000,0x00000000ec000000)
  from space 16896K, 94% used [0x00000000ed080000,0x00000000ee018000,0x00000000ee100000)
  to   space 16896K, 0% used [0x00000000ec000000,0x00000000ec000000,0x00000000ed080000)
 ParOldGen       total 82432K, used 70617K [0x00000000c0000000, 0x00000000c5080000, 0x00000000eab00000)
  object space 82432K, 85% used [0x00000000c0000000,0x00000000c44f66c0,0x00000000c5080000)
 Metaspace       used 63601K, committed 64704K, reserved 1114112K
  class space    used 6793K, committed 7232K, reserved 1048576K
}
Event: 5.838 GC heap before
{Heap before GC invocations=38 (full 4):
 PSYoungGen      total 38400K, used 37466K [0x00000000eab00000, 0x00000000ee100000, 0x0000000100000000)
  eden space 21504K, 99% used [0x00000000eab00000,0x00000000ebffe9e0,0x00000000ec000000)
  from space 16896K, 94% used [0x00000000ed080000,0x00000000ee018000,0x00000000ee100000)
  to   space 16896K, 0% used [0x00000000ec000000,0x00000000ec000000,0x00000000ed080000)
 ParOldGen       total 82432K, used 70617K [0x00000000c0000000, 0x00000000c5080000, 0x00000000eab00000)
  object space 82432K, 85% used [0x00000000c0000000,0x00000000c44f66c0,0x00000000c5080000)
 Metaspace       used 64948K, committed 66048K, reserved 1114112K
  class space    used 6914K, committed 7360K, reserved 1048576K
}
Event: 5.844 GC heap after
{Heap after GC invocations=38 (full 4):
 PSYoungGen      total 28160K, used 6517K [0x00000000eab00000, 0x00000000ed400000, 0x0000000100000000)
  eden space 21504K, 0% used [0x00000000eab00000,0x00000000eab00000,0x00000000ec000000)
  from space 6656K, 97% used [0x00000000ec000000,0x00000000ec65d678,0x00000000ec680000)
  to   space 10240K, 0% used [0x00000000eca00000,0x00000000eca00000,0x00000000ed400000)
 ParOldGen       total 86528K, used 86396K [0x00000000c0000000, 0x00000000c5480000, 0x00000000eab00000)
  object space 86528K, 99% used [0x00000000c0000000,0x00000000c545f2f0,0x00000000c5480000)
 Metaspace       used 64948K, committed 66048K, reserved 1114112K
  class space    used 6914K, committed 7360K, reserved 1048576K
}
Event: 5.844 GC heap before
{Heap before GC invocations=39 (full 5):
 PSYoungGen      total 28160K, used 6517K [0x00000000eab00000, 0x00000000ed400000, 0x0000000100000000)
  eden space 21504K, 0% used [0x00000000eab00000,0x00000000eab00000,0x00000000ec000000)
  from space 6656K, 97% used [0x00000000ec000000,0x00000000ec65d678,0x00000000ec680000)
  to   space 10240K, 0% used [0x00000000eca00000,0x00000000eca00000,0x00000000ed400000)
 ParOldGen       total 86528K, used 86396K [0x00000000c0000000, 0x00000000c5480000, 0x00000000eab00000)
  object space 86528K, 99% used [0x00000000c0000000,0x00000000c545f2f0,0x00000000c5480000)
 Metaspace       used 64948K, committed 66048K, reserved 1114112K
  class space    used 6914K, committed 7360K, reserved 1048576K
}
Event: 5.881 GC heap after
{Heap after GC invocations=39 (full 5):
 PSYoungGen      total 31744K, used 0K [0x00000000eab00000, 0x00000000ed400000, 0x0000000100000000)
  eden space 21504K, 0% used [0x00000000eab00000,0x00000000eab00000,0x00000000ec000000)
  from space 10240K, 0% used [0x00000000eca00000,0x00000000eca00000,0x00000000ed400000)
  to   space 10240K, 0% used [0x00000000ec000000,0x00000000ec000000,0x00000000eca00000)
 ParOldGen       total 120832K, used 78470K [0x00000000c0000000, 0x00000000c7600000, 0x00000000eab00000)
  object space 120832K, 64% used [0x00000000c0000000,0x00000000c4ca1ba8,0x00000000c7600000)
 Metaspace       used 64948K, committed 66048K, reserved 1114112K
  class space    used 6914K, committed 7360K, reserved 1048576K
}
Event: 6.031 GC heap before
{Heap before GC invocations=40 (full 5):
 PSYoungGen      total 31744K, used 21504K [0x00000000eab00000, 0x00000000ed400000, 0x0000000100000000)
  eden space 21504K, 100% used [0x00000000eab00000,0x00000000ec000000,0x00000000ec000000)
  from space 10240K, 0% used [0x00000000eca00000,0x00000000eca00000,0x00000000ed400000)
  to   space 10240K, 0% used [0x00000000ec000000,0x00000000ec000000,0x00000000eca00000)
 ParOldGen       total 120832K, used 78470K [0x00000000c0000000, 0x00000000c7600000, 0x00000000eab00000)
  object space 120832K, 64% used [0x00000000c0000000,0x00000000c4ca1ba8,0x00000000c7600000)
 Metaspace       used 65951K, committed 67072K, reserved 1114112K
  class space    used 7014K, committed 7488K, reserved 1048576K
}
Event: 6.034 GC heap after
{Heap after GC invocations=40 (full 5):
 PSYoungGen      total 27136K, used 5228K [0x00000000eab00000, 0x00000000ecd00000, 0x0000000100000000)
  eden space 21504K, 0% used [0x00000000eab00000,0x00000000eab00000,0x00000000ec000000)
  from space 5632K, 92% used [0x00000000ec000000,0x00000000ec51b088,0x00000000ec580000)
  to   space 6656K, 0% used [0x00000000ec680000,0x00000000ec680000,0x00000000ecd00000)
 ParOldGen       total 120832K, used 78478K [0x00000000c0000000, 0x00000000c7600000, 0x00000000eab00000)
  object space 120832K, 64% used [0x00000000c0000000,0x00000000c4ca3ba8,0x00000000c7600000)
 Metaspace       used 65951K, committed 67072K, reserved 1114112K
  class space    used 7014K, committed 7488K, reserved 1048576K
}
Event: 6.169 GC heap before
{Heap before GC invocations=41 (full 5):
 PSYoungGen      total 27136K, used 26732K [0x00000000eab00000, 0x00000000ecd00000, 0x0000000100000000)
  eden space 21504K, 100% used [0x00000000eab00000,0x00000000ec000000,0x00000000ec000000)
  from space 5632K, 92% used [0x00000000ec000000,0x00000000ec51b088,0x00000000ec580000)
  to   space 6656K, 0% used [0x00000000ec680000,0x00000000ec680000,0x00000000ecd00000)
 ParOldGen       total 120832K, used 78478K [0x00000000c0000000, 0x00000000c7600000, 0x00000000eab00000)
  object space 120832K, 64% used [0x00000000c0000000,0x00000000c4ca3ba8,0x00000000c7600000)
 Metaspace       used 66671K, committed 67840K, reserved 1114112K
  class space    used 7064K, committed 7616K, reserved 1048576K
}
Event: 6.172 GC heap after
{Heap after GC invocations=41 (full 5):
 PSYoungGen      total 25088K, used 6646K [0x00000000eab00000, 0x00000000ed300000, 0x0000000100000000)
  eden space 18432K, 0% used [0x00000000eab00000,0x00000000eab00000,0x00000000ebd00000)
  from space 6656K, 99% used [0x00000000ec680000,0x00000000eccfda98,0x00000000ecd00000)
  to   space 9728K, 0% used [0x00000000ebd00000,0x00000000ebd00000,0x00000000ec680000)
 ParOldGen       total 120832K, used 80571K [0x00000000c0000000, 0x00000000c7600000, 0x00000000eab00000)
  object space 120832K, 66% used [0x00000000c0000000,0x00000000c4eaecd8,0x00000000c7600000)
 Metaspace       used 66671K, committed 67840K, reserved 1114112K
  class space    used 7064K, committed 7616K, reserved 1048576K
}
Event: 6.236 GC heap before
{Heap before GC invocations=42 (full 5):
 PSYoungGen      total 25088K, used 25078K [0x00000000eab00000, 0x00000000ed300000, 0x0000000100000000)
  eden space 18432K, 100% used [0x00000000eab00000,0x00000000ebd00000,0x00000000ebd00000)
  from space 6656K, 99% used [0x00000000ec680000,0x00000000eccfda98,0x00000000ecd00000)
  to   space 9728K, 0% used [0x00000000ebd00000,0x00000000ebd00000,0x00000000ec680000)
 ParOldGen       total 120832K, used 80571K [0x00000000c0000000, 0x00000000c7600000, 0x00000000eab00000)
  object space 120832K, 66% used [0x00000000c0000000,0x00000000c4eaecd8,0x00000000c7600000)
 Metaspace       used 67038K, committed 68224K, reserved 1114112K
  class space    used 7081K, committed 7616K, reserved 1048576K
}
Event: 6.239 GC heap after
{Heap after GC invocations=42 (full 5):
 PSYoungGen      total 20480K, used 2002K [0x00000000eab00000, 0x00000000ec700000, 0x0000000100000000)
  eden space 18432K, 0% used [0x00000000eab00000,0x00000000eab00000,0x00000000ebd00000)
  from space 2048K, 97% used [0x00000000ebd00000,0x00000000ebef4b00,0x00000000ebf00000)
  to   space 4608K, 0% used [0x00000000ec280000,0x00000000ec280000,0x00000000ec700000)
 ParOldGen       total 120832K, used 87142K [0x00000000c0000000, 0x00000000c7600000, 0x00000000eab00000)
  object space 120832K, 72% used [0x00000000c0000000,0x00000000c5519ad8,0x00000000c7600000)
 Metaspace       used 67038K, committed 68224K, reserved 1114112K
  class space    used 7081K, committed 7616K, reserved 1048576K
}
Event: 6.300 GC heap before
{Heap before GC invocations=43 (full 5):
 PSYoungGen      total 20480K, used 20127K [0x00000000eab00000, 0x00000000ec700000, 0x0000000100000000)
  eden space 18432K, 98% used [0x00000000eab00000,0x00000000ebcb3300,0x00000000ebd00000)
  from space 2048K, 97% used [0x00000000ebd00000,0x00000000ebef4b00,0x00000000ebf00000)
  to   space 4608K, 0% used [0x00000000ec280000,0x00000000ec280000,0x00000000ec700000)
 ParOldGen       total 120832K, used 87142K [0x00000000c0000000, 0x00000000c7600000, 0x00000000eab00000)
  object space 120832K, 72% used [0x00000000c0000000,0x00000000c5519ad8,0x00000000c7600000)
 Metaspace       used 67393K, committed 68544K, reserved 1114112K
  class space    used 7120K, committed 7616K, reserved 1048576K
}
Event: 6.301 GC heap after
{Heap after GC invocations=43 (full 5):
 PSYoungGen      total 23040K, used 4604K [0x00000000eab00000, 0x00000000ec800000, 0x0000000100000000)
  eden space 18432K, 0% used [0x00000000eab00000,0x00000000eab00000,0x00000000ebd00000)
  from space 4608K, 99% used [0x00000000ec280000,0x00000000ec6ff328,0x00000000ec700000)
  to   space 5632K, 0% used [0x00000000ebd00000,0x00000000ebd00000,0x00000000ec280000)
 ParOldGen       total 120832K, used 87490K [0x00000000c0000000, 0x00000000c7600000, 0x00000000eab00000)
  object space 120832K, 72% used [0x00000000c0000000,0x00000000c5570b58,0x00000000c7600000)
 Metaspace       used 67393K, committed 68544K, reserved 1114112K
  class space    used 7120K, committed 7616K, reserved 1048576K
}
Event: 6.336 GC heap before
{Heap before GC invocations=44 (full 5):
 PSYoungGen      total 23040K, used 23036K [0x00000000eab00000, 0x00000000ec800000, 0x0000000100000000)
  eden space 18432K, 100% used [0x00000000eab00000,0x00000000ebd00000,0x00000000ebd00000)
  from space 4608K, 99% used [0x00000000ec280000,0x00000000ec6ff328,0x00000000ec700000)
  to   space 5632K, 0% used [0x00000000ebd00000,0x00000000ebd00000,0x00000000ec280000)
 ParOldGen       total 120832K, used 87490K [0x00000000c0000000, 0x00000000c7600000, 0x00000000eab00000)
  object space 120832K, 72% used [0x00000000c0000000,0x00000000c5570b58,0x00000000c7600000)
 Metaspace       used 67764K, committed 68992K, reserved 1114112K
  class space    used 7143K, committed 7680K, reserved 1048576K
}
Event: 6.338 GC heap after
{Heap after GC invocations=44 (full 5):
 PSYoungGen      total 20480K, used 1991K [0x00000000eab00000, 0x00000000ec400000, 0x0000000100000000)
  eden space 18432K, 0% used [0x00000000eab00000,0x00000000eab00000,0x00000000ebd00000)
  from space 2048K, 97% used [0x00000000ebd00000,0x00000000ebef1ed8,0x00000000ebf00000)
  to   space 3584K, 0% used [0x00000000ec080000,0x00000000ec080000,0x00000000ec400000)
 ParOldGen       total 120832K, used 89979K [0x00000000c0000000, 0x00000000c7600000, 0x00000000eab00000)
  object space 120832K, 74% used [0x00000000c0000000,0x00000000c57ded98,0x00000000c7600000)
 Metaspace       used 67764K, committed 68992K, reserved 1114112K
  class space    used 7143K, committed 7680K, reserved 1048576K
}
Event: 6.363 GC heap before
{Heap before GC invocations=45 (full 5):
 PSYoungGen      total 20480K, used 20423K [0x00000000eab00000, 0x00000000ec400000, 0x0000000100000000)
  eden space 18432K, 100% used [0x00000000eab00000,0x00000000ebd00000,0x00000000ebd00000)
  from space 2048K, 97% used [0x00000000ebd00000,0x00000000ebef1ed8,0x00000000ebf00000)
  to   space 3584K, 0% used [0x00000000ec080000,0x00000000ec080000,0x00000000ec400000)
 ParOldGen       total 120832K, used 89979K [0x00000000c0000000, 0x00000000c7600000, 0x00000000eab00000)
  object space 120832K, 74% used [0x00000000c0000000,0x00000000c57ded98,0x00000000c7600000)
 Metaspace       used 67965K, committed 69184K, reserved 1114112K
  class space    used 7152K, committed 7680K, reserved 1048576K
}
Event: 6.365 GC heap after
{Heap after GC invocations=45 (full 5):
 PSYoungGen      total 21504K, used 3580K [0x00000000eab00000, 0x00000000ec500000, 0x0000000100000000)
  eden space 17920K, 0% used [0x00000000eab00000,0x00000000eab00000,0x00000000ebc80000)
  from space 3584K, 99% used [0x00000000ec080000,0x00000000ec3ff3a0,0x00000000ec400000)
  to   space 4096K, 0% used [0x00000000ebc80000,0x00000000ebc80000,0x00000000ec080000)
 ParOldGen       total 120832K, used 89979K [0x00000000c0000000, 0x00000000c7600000, 0x00000000eab00000)
  object space 120832K, 74% used [0x00000000c0000000,0x00000000c57ded98,0x00000000c7600000)
 Metaspace       used 67965K, committed 69184K, reserved 1114112K
  class space    used 7152K, committed 7680K, reserved 1048576K
}
Event: 6.387 GC heap before
{Heap before GC invocations=46 (full 5):
 PSYoungGen      total 21504K, used 21500K [0x00000000eab00000, 0x00000000ec500000, 0x0000000100000000)
  eden space 17920K, 100% used [0x00000000eab00000,0x00000000ebc80000,0x00000000ebc80000)
  from space 3584K, 99% used [0x00000000ec080000,0x00000000ec3ff3a0,0x00000000ec400000)
  to   space 4096K, 0% used [0x00000000ebc80000,0x00000000ebc80000,0x00000000ec080000)
 ParOldGen       total 120832K, used 89979K [0x00000000c0000000, 0x00000000c7600000, 0x00000000eab00000)
  object space 120832K, 74% used [0x00000000c0000000,0x00000000c57ded98,0x00000000c7600000)
 Metaspace       used 68224K, committed 69440K, reserved 1114112K
  class space    used 7167K, committed 7744K, reserved 1048576K
}

